14:21:21.475[main] ERROR o.s.boot.SpringApplication - Application run failed
java.lang.IllegalStateException: java.lang.IllegalStateException: Logback configuration error detected: 
ERROR in ch.qos.logback.core.joran.action.AppenderRefAction - Could not find an appender named [myConsoleAppender]. Did you define it below instead of above in the configuration file?
ERROR in ch.qos.logback.core.joran.action.AppenderRefAction - See http://logback.qos.ch/codes.html#appender_order for more details.
	at org.springframework.boot.context.logging.LoggingApplicationListener.initializeSystem(LoggingApplicationListener.java:328)
	at org.springframework.boot.context.logging.LoggingApplicationListener.initialize(LoggingApplicationListener.java:282)
	at org.springframework.boot.context.logging.LoggingApplicationListener.onApplicationEnvironmentPreparedEvent(LoggingApplicationListener.java:240)
	at org.springframework.boot.context.logging.LoggingApplicationListener.onApplicationEvent(LoggingApplicationListener.java:216)
	at org.springframework.context.event.SimpleApplicationEventMulticaster.doInvokeListener(SimpleApplicationEventMulticaster.java:176)
	at org.springframework.context.event.SimpleApplicationEventMulticaster.invokeListener(SimpleApplicationEventMulticaster.java:169)
	at org.springframework.context.event.SimpleApplicationEventMulticaster.multicastEvent(SimpleApplicationEventMulticaster.java:143)
	at org.springframework.context.event.SimpleApplicationEventMulticaster.multicastEvent(SimpleApplicationEventMulticaster.java:131)
	at org.springframework.boot.context.event.EventPublishingRunListener.environmentPrepared(EventPublishingRunListener.java:85)
	at org.springframework.boot.SpringApplicationRunListeners.lambda$environmentPrepared$2(SpringApplicationRunListeners.java:66)
	at java.base/java.util.ArrayList.forEach(ArrayList.java:1596)
	at org.springframework.boot.SpringApplicationRunListeners.doWithListeners(SpringApplicationRunListeners.java:120)
	at org.springframework.boot.SpringApplicationRunListeners.doWithListeners(SpringApplicationRunListeners.java:114)
	at org.springframework.boot.SpringApplicationRunListeners.environmentPrepared(SpringApplicationRunListeners.java:65)
	at org.springframework.boot.SpringApplication.prepareEnvironment(SpringApplication.java:339)
	at org.springframework.boot.SpringApplication.run(SpringApplication.java:297)
	at org.springframework.boot.SpringApplication.run(SpringApplication.java:1312)
	at org.springframework.boot.SpringApplication.run(SpringApplication.java:1301)
	at com.journalApp.JournalApp.JournalAppApplication.main(JournalAppApplication.java:16)
Caused by: java.lang.IllegalStateException: Logback configuration error detected: 
ERROR in ch.qos.logback.core.joran.action.AppenderRefAction - Could not find an appender named [myConsoleAppender]. Did you define it below instead of above in the configuration file?
ERROR in ch.qos.logback.core.joran.action.AppenderRefAction - See http://logback.qos.ch/codes.html#appender_order for more details.
	at org.springframework.boot.logging.logback.LogbackLoggingSystem.loadConfiguration(LogbackLoggingSystem.java:179)
	at org.springframework.boot.logging.logback.LogbackLoggingSystem.reinitialize(LogbackLoggingSystem.java:232)
	at org.springframework.boot.logging.AbstractLoggingSystem.initializeWithConventions(AbstractLoggingSystem.java:73)
	at org.springframework.boot.logging.AbstractLoggingSystem.initialize(AbstractLoggingSystem.java:60)
	at org.springframework.boot.logging.logback.LogbackLoggingSystem.initialize(LogbackLoggingSystem.java:132)
	at org.springframework.boot.context.logging.LoggingApplicationListener.initializeSystem(LoggingApplicationListener.java:313)
	... 18 common frames omitted
14:23:18.579[main] ERROR o.s.boot.SpringApplication - Application run failed
java.lang.IllegalStateException: java.lang.IllegalStateException: Logback configuration error detected: 
ERROR in ch.qos.logback.core.joran.action.AppenderRefAction - Could not find an appender named [myConsoleAppender]. Did you define it below instead of above in the configuration file?
ERROR in ch.qos.logback.core.joran.action.AppenderRefAction - See http://logback.qos.ch/codes.html#appender_order for more details.
	at org.springframework.boot.context.logging.LoggingApplicationListener.initializeSystem(LoggingApplicationListener.java:328)
	at org.springframework.boot.context.logging.LoggingApplicationListener.initialize(LoggingApplicationListener.java:282)
	at org.springframework.boot.context.logging.LoggingApplicationListener.onApplicationEnvironmentPreparedEvent(LoggingApplicationListener.java:240)
	at org.springframework.boot.context.logging.LoggingApplicationListener.onApplicationEvent(LoggingApplicationListener.java:216)
	at org.springframework.context.event.SimpleApplicationEventMulticaster.doInvokeListener(SimpleApplicationEventMulticaster.java:176)
	at org.springframework.context.event.SimpleApplicationEventMulticaster.invokeListener(SimpleApplicationEventMulticaster.java:169)
	at org.springframework.context.event.SimpleApplicationEventMulticaster.multicastEvent(SimpleApplicationEventMulticaster.java:143)
	at org.springframework.context.event.SimpleApplicationEventMulticaster.multicastEvent(SimpleApplicationEventMulticaster.java:131)
	at org.springframework.boot.context.event.EventPublishingRunListener.environmentPrepared(EventPublishingRunListener.java:85)
	at org.springframework.boot.SpringApplicationRunListeners.lambda$environmentPrepared$2(SpringApplicationRunListeners.java:66)
	at java.base/java.util.ArrayList.forEach(ArrayList.java:1596)
	at org.springframework.boot.SpringApplicationRunListeners.doWithListeners(SpringApplicationRunListeners.java:120)
	at org.springframework.boot.SpringApplicationRunListeners.doWithListeners(SpringApplicationRunListeners.java:114)
	at org.springframework.boot.SpringApplicationRunListeners.environmentPrepared(SpringApplicationRunListeners.java:65)
	at org.springframework.boot.SpringApplication.prepareEnvironment(SpringApplication.java:339)
	at org.springframework.boot.SpringApplication.run(SpringApplication.java:297)
	at org.springframework.boot.SpringApplication.run(SpringApplication.java:1312)
	at org.springframework.boot.SpringApplication.run(SpringApplication.java:1301)
	at com.journalApp.JournalApp.JournalAppApplication.main(JournalAppApplication.java:16)
Caused by: java.lang.IllegalStateException: Logback configuration error detected: 
ERROR in ch.qos.logback.core.joran.action.AppenderRefAction - Could not find an appender named [myConsoleAppender]. Did you define it below instead of above in the configuration file?
ERROR in ch.qos.logback.core.joran.action.AppenderRefAction - See http://logback.qos.ch/codes.html#appender_order for more details.
	at org.springframework.boot.logging.logback.LogbackLoggingSystem.loadConfiguration(LogbackLoggingSystem.java:179)
	at org.springframework.boot.logging.logback.LogbackLoggingSystem.reinitialize(LogbackLoggingSystem.java:232)
	at org.springframework.boot.logging.AbstractLoggingSystem.initializeWithConventions(AbstractLoggingSystem.java:73)
	at org.springframework.boot.logging.AbstractLoggingSystem.initialize(AbstractLoggingSystem.java:60)
	at org.springframework.boot.logging.logback.LogbackLoggingSystem.initialize(LogbackLoggingSystem.java:132)
	at org.springframework.boot.context.logging.LoggingApplicationListener.initializeSystem(LoggingApplicationListener.java:313)
	... 18 common frames omitted
14:23:51.030[main] INFO  c.j.JournalApp.JournalAppApplication - Starting JournalAppApplication using Java 21.0.1 on DESKTOP-UNPTC8D with PID 14188 (G:\JournalApp\target\classes started by Gaurab in G:\JournalApp)
14:23:51.036[main] INFO  c.j.JournalApp.JournalAppApplication - No active profile set, falling back to 1 default profile: "default"
14:23:52.058[main] INFO  o.s.d.r.c.RepositoryConfigurationDelegate - Bootstrapping Spring Data MongoDB repositories in DEFAULT mode.
14:23:52.148[main] INFO  o.s.d.r.c.RepositoryConfigurationDelegate - Finished Spring Data repository scanning in 83 ms. Found 2 MongoDB repository interfaces.
14:23:53.103[main] INFO  o.s.b.w.e.tomcat.TomcatWebServer - Tomcat initialized with port(s): 8080 (http)
14:23:53.120[main] INFO  o.a.coyote.http11.Http11NioProtocol - Initializing ProtocolHandler ["http-nio-8080"]
14:23:53.121[main] INFO  o.a.catalina.core.StandardService - Starting service [Tomcat]
14:23:53.122[main] INFO  o.a.catalina.core.StandardEngine - Starting Servlet engine: [Apache Tomcat/9.0.58]
14:23:53.329[main] INFO  o.a.c.c.C.[.[localhost].[/journal] - Initializing Spring embedded WebApplicationContext
14:23:53.329[main] INFO  o.s.b.w.s.c.ServletWebServerApplicationContext - Root WebApplicationContext: initialization completed in 2202 ms
14:23:53.830[main] INFO  org.mongodb.driver.cluster - Cluster created with settings {hosts=[127.0.0.1:27017], srvHost=cluster0.qoxoi6d.mongodb.net, mode=MULTIPLE, requiredClusterType=REPLICA_SET, serverSelectionTimeout='30000 ms', requiredReplicaSetName='atlas-yhqbkg-shard-0'}
14:23:54.082[cluster-ClusterId{value='66598c9d28e7bc27165a85cb', description='null'}-srv-cluster0.qoxoi6d.mongodb.net] INFO  org.mongodb.driver.cluster - Adding discovered server ac-c5ddyzt-shard-00-01.qoxoi6d.mongodb.net:27017 to client view of cluster
14:23:54.149[cluster-ClusterId{value='66598c9d28e7bc27165a85cb', description='null'}-srv-cluster0.qoxoi6d.mongodb.net] INFO  org.mongodb.driver.cluster - Adding discovered server ac-c5ddyzt-shard-00-02.qoxoi6d.mongodb.net:27017 to client view of cluster
14:23:54.150[cluster-ClusterId{value='66598c9d28e7bc27165a85cb', description='null'}-srv-cluster0.qoxoi6d.mongodb.net] INFO  org.mongodb.driver.cluster - Adding discovered server ac-c5ddyzt-shard-00-00.qoxoi6d.mongodb.net:27017 to client view of cluster
14:23:54.262[main] INFO  org.mongodb.driver.cluster - No server chosen by com.mongodb.client.internal.MongoClientDelegate$1@66f5a02e from cluster description ClusterDescription{type=REPLICA_SET, connectionMode=MULTIPLE, serverDescriptions=[ServerDescription{address=ac-c5ddyzt-shard-00-01.qoxoi6d.mongodb.net:27017, type=UNKNOWN, state=CONNECTING}, ServerDescription{address=ac-c5ddyzt-shard-00-02.qoxoi6d.mongodb.net:27017, type=UNKNOWN, state=CONNECTING}, ServerDescription{address=ac-c5ddyzt-shard-00-00.qoxoi6d.mongodb.net:27017, type=UNKNOWN, state=CONNECTING}]}. Waiting for 30000 ms before timing out
14:23:55.255[cluster-ClusterId{value='66598c9d28e7bc27165a85cb', description='null'}-ac-c5ddyzt-shard-00-02.qoxoi6d.mongodb.net:27017] INFO  org.mongodb.driver.connection - Opened connection [connectionId{localValue:1, serverValue:67340}] to ac-c5ddyzt-shard-00-02.qoxoi6d.mongodb.net:27017
14:23:55.255[cluster-rtt-ClusterId{value='66598c9d28e7bc27165a85cb', description='null'}-ac-c5ddyzt-shard-00-00.qoxoi6d.mongodb.net:27017] INFO  org.mongodb.driver.connection - Opened connection [connectionId{localValue:5, serverValue:65311}] to ac-c5ddyzt-shard-00-00.qoxoi6d.mongodb.net:27017
14:23:55.255[cluster-ClusterId{value='66598c9d28e7bc27165a85cb', description='null'}-ac-c5ddyzt-shard-00-01.qoxoi6d.mongodb.net:27017] INFO  org.mongodb.driver.connection - Opened connection [connectionId{localValue:4, serverValue:61899}] to ac-c5ddyzt-shard-00-01.qoxoi6d.mongodb.net:27017
14:23:55.255[cluster-ClusterId{value='66598c9d28e7bc27165a85cb', description='null'}-ac-c5ddyzt-shard-00-00.qoxoi6d.mongodb.net:27017] INFO  org.mongodb.driver.connection - Opened connection [connectionId{localValue:2, serverValue:65311}] to ac-c5ddyzt-shard-00-00.qoxoi6d.mongodb.net:27017
14:23:55.255[cluster-rtt-ClusterId{value='66598c9d28e7bc27165a85cb', description='null'}-ac-c5ddyzt-shard-00-01.qoxoi6d.mongodb.net:27017] INFO  org.mongodb.driver.connection - Opened connection [connectionId{localValue:6, serverValue:61899}] to ac-c5ddyzt-shard-00-01.qoxoi6d.mongodb.net:27017
14:23:55.255[cluster-rtt-ClusterId{value='66598c9d28e7bc27165a85cb', description='null'}-ac-c5ddyzt-shard-00-02.qoxoi6d.mongodb.net:27017] INFO  org.mongodb.driver.connection - Opened connection [connectionId{localValue:3, serverValue:67340}] to ac-c5ddyzt-shard-00-02.qoxoi6d.mongodb.net:27017
14:23:55.256[cluster-ClusterId{value='66598c9d28e7bc27165a85cb', description='null'}-ac-c5ddyzt-shard-00-02.qoxoi6d.mongodb.net:27017] INFO  org.mongodb.driver.cluster - Monitor thread successfully connected to server with description ServerDescription{address=ac-c5ddyzt-shard-00-02.qoxoi6d.mongodb.net:27017, type=REPLICA_SET_PRIMARY, state=CONNECTED, ok=true, minWireVersion=0, maxWireVersion=21, maxDocumentSize=16777216, logicalSessionTimeoutMinutes=30, roundTripTimeNanos=647496700, setName='atlas-yhqbkg-shard-0', canonicalAddress=ac-c5ddyzt-shard-00-02.qoxoi6d.mongodb.net:27017, hosts=[ac-c5ddyzt-shard-00-00.qoxoi6d.mongodb.net:27017, ac-c5ddyzt-shard-00-01.qoxoi6d.mongodb.net:27017, ac-c5ddyzt-shard-00-02.qoxoi6d.mongodb.net:27017], passives=[], arbiters=[], primary='ac-c5ddyzt-shard-00-02.qoxoi6d.mongodb.net:27017', tagSet=TagSet{[Tag{name='availabilityZone', value='aps1-az2'}, Tag{name='diskState', value='READY'}, Tag{name='nodeType', value='ELECTABLE'}, Tag{name='provider', value='AWS'}, Tag{name='region', value='AP_SOUTH_1'}, Tag{name='workloadType', value='OPERATIONAL'}]}, electionId=7fffffff000000000000014d, setVersion=54, topologyVersion=TopologyVersion{processId=66591971275be5b972d3dcd1, counter=6}, lastWriteDate=Fri May 31 14:23:53 NPT 2024, lastUpdateTimeNanos=1210948433310500}
14:23:55.256[cluster-ClusterId{value='66598c9d28e7bc27165a85cb', description='null'}-ac-c5ddyzt-shard-00-00.qoxoi6d.mongodb.net:27017] INFO  org.mongodb.driver.cluster - Monitor thread successfully connected to server with description ServerDescription{address=ac-c5ddyzt-shard-00-00.qoxoi6d.mongodb.net:27017, type=REPLICA_SET_SECONDARY, state=CONNECTED, ok=true, minWireVersion=0, maxWireVersion=21, maxDocumentSize=16777216, logicalSessionTimeoutMinutes=30, roundTripTimeNanos=647483900, setName='atlas-yhqbkg-shard-0', canonicalAddress=ac-c5ddyzt-shard-00-00.qoxoi6d.mongodb.net:27017, hosts=[ac-c5ddyzt-shard-00-00.qoxoi6d.mongodb.net:27017, ac-c5ddyzt-shard-00-01.qoxoi6d.mongodb.net:27017, ac-c5ddyzt-shard-00-02.qoxoi6d.mongodb.net:27017], passives=[], arbiters=[], primary='ac-c5ddyzt-shard-00-02.qoxoi6d.mongodb.net:27017', tagSet=TagSet{[Tag{name='availabilityZone', value='aps1-az1'}, Tag{name='diskState', value='READY'}, Tag{name='nodeType', value='ELECTABLE'}, Tag{name='provider', value='AWS'}, Tag{name='region', value='AP_SOUTH_1'}, Tag{name='workloadType', value='OPERATIONAL'}]}, electionId=null, setVersion=54, topologyVersion=TopologyVersion{processId=66591a866d1b492397713085, counter=4}, lastWriteDate=Fri May 31 14:23:53 NPT 2024, lastUpdateTimeNanos=1210948433310800}
14:23:55.256[cluster-ClusterId{value='66598c9d28e7bc27165a85cb', description='null'}-ac-c5ddyzt-shard-00-01.qoxoi6d.mongodb.net:27017] INFO  org.mongodb.driver.cluster - Monitor thread successfully connected to server with description ServerDescription{address=ac-c5ddyzt-shard-00-01.qoxoi6d.mongodb.net:27017, type=REPLICA_SET_SECONDARY, state=CONNECTED, ok=true, minWireVersion=0, maxWireVersion=21, maxDocumentSize=16777216, logicalSessionTimeoutMinutes=30, roundTripTimeNanos=647529500, setName='atlas-yhqbkg-shard-0', canonicalAddress=ac-c5ddyzt-shard-00-01.qoxoi6d.mongodb.net:27017, hosts=[ac-c5ddyzt-shard-00-00.qoxoi6d.mongodb.net:27017, ac-c5ddyzt-shard-00-01.qoxoi6d.mongodb.net:27017, ac-c5ddyzt-shard-00-02.qoxoi6d.mongodb.net:27017], passives=[], arbiters=[], primary='ac-c5ddyzt-shard-00-02.qoxoi6d.mongodb.net:27017', tagSet=TagSet{[Tag{name='availabilityZone', value='aps1-az3'}, Tag{name='diskState', value='READY'}, Tag{name='nodeType', value='ELECTABLE'}, Tag{name='provider', value='AWS'}, Tag{name='region', value='AP_SOUTH_1'}, Tag{name='workloadType', value='OPERATIONAL'}]}, electionId=null, setVersion=54, topologyVersion=TopologyVersion{processId=66591bbaf2ac3670f44158fe, counter=3}, lastWriteDate=Fri May 31 14:23:53 NPT 2024, lastUpdateTimeNanos=1210948433310500}
14:23:55.263[cluster-ClusterId{value='66598c9d28e7bc27165a85cb', description='null'}-ac-c5ddyzt-shard-00-02.qoxoi6d.mongodb.net:27017] INFO  org.mongodb.driver.cluster - Setting max election id to 7fffffff000000000000014d from replica set primary ac-c5ddyzt-shard-00-02.qoxoi6d.mongodb.net:27017
14:23:55.263[cluster-ClusterId{value='66598c9d28e7bc27165a85cb', description='null'}-ac-c5ddyzt-shard-00-02.qoxoi6d.mongodb.net:27017] INFO  org.mongodb.driver.cluster - Setting max set version to 54 from replica set primary ac-c5ddyzt-shard-00-02.qoxoi6d.mongodb.net:27017
14:23:55.263[cluster-ClusterId{value='66598c9d28e7bc27165a85cb', description='null'}-ac-c5ddyzt-shard-00-02.qoxoi6d.mongodb.net:27017] INFO  org.mongodb.driver.cluster - Discovered replica set primary ac-c5ddyzt-shard-00-02.qoxoi6d.mongodb.net:27017
14:23:55.746[main] INFO  org.mongodb.driver.connection - Opened connection [connectionId{localValue:7, serverValue:67358}] to ac-c5ddyzt-shard-00-02.qoxoi6d.mongodb.net:27017
14:23:56.599[main] INFO  o.s.s.web.DefaultSecurityFilterChain - Will not secure any request
14:23:57.047[main] INFO  o.a.coyote.http11.Http11NioProtocol - Starting ProtocolHandler ["http-nio-8080"]
14:23:57.065[main] INFO  o.s.b.w.e.tomcat.TomcatWebServer - Tomcat started on port(s): 8080 (http) with context path '/journal'
14:23:57.078[main] INFO  c.j.JournalApp.JournalAppApplication - Started JournalAppApplication in 6.744 seconds (JVM running for 7.546)
14:24:01.200[http-nio-8080-exec-2] INFO  o.a.c.c.C.[.[localhost].[/journal] - Initializing Spring DispatcherServlet 'dispatcherServlet'
14:24:01.200[http-nio-8080-exec-2] INFO  o.s.web.servlet.DispatcherServlet - Initializing Servlet 'dispatcherServlet'
14:24:01.203[http-nio-8080-exec-2] INFO  o.s.web.servlet.DispatcherServlet - Completed initialization in 2 ms
14:24:02.668[http-nio-8080-exec-2] INFO  c.j.JournalApp.service.UserService - hahahha
14:27:56.382[main] INFO  c.j.JournalApp.JournalAppApplication - Starting JournalAppApplication using Java 21.0.1 on DESKTOP-UNPTC8D with PID 13192 (G:\JournalApp\target\classes started by Gaurab in G:\JournalApp)
14:27:56.388[main] INFO  c.j.JournalApp.JournalAppApplication - No active profile set, falling back to 1 default profile: "default"
14:27:57.620[main] INFO  o.s.d.r.c.RepositoryConfigurationDelegate - Bootstrapping Spring Data MongoDB repositories in DEFAULT mode.
14:27:57.696[main] INFO  o.s.d.r.c.RepositoryConfigurationDelegate - Finished Spring Data repository scanning in 71 ms. Found 2 MongoDB repository interfaces.
14:27:58.678[main] INFO  o.s.b.w.e.tomcat.TomcatWebServer - Tomcat initialized with port(s): 8080 (http)
14:27:58.706[main] INFO  o.a.coyote.http11.Http11NioProtocol - Initializing ProtocolHandler ["http-nio-8080"]
14:27:58.708[main] INFO  o.a.catalina.core.StandardService - Starting service [Tomcat]
14:27:58.708[main] INFO  o.a.catalina.core.StandardEngine - Starting Servlet engine: [Apache Tomcat/9.0.58]
14:27:58.928[main] INFO  o.a.c.c.C.[.[localhost].[/journal] - Initializing Spring embedded WebApplicationContext
14:27:58.929[main] INFO  o.s.b.w.s.c.ServletWebServerApplicationContext - Root WebApplicationContext: initialization completed in 2431 ms
14:27:59.397[main] INFO  org.mongodb.driver.cluster - Cluster created with settings {hosts=[127.0.0.1:27017], srvHost=cluster0.qoxoi6d.mongodb.net, mode=MULTIPLE, requiredClusterType=REPLICA_SET, serverSelectionTimeout='30000 ms', requiredReplicaSetName='atlas-yhqbkg-shard-0'}
14:27:59.528[cluster-ClusterId{value='66598d93268c614d6ddeba56', description='null'}-srv-cluster0.qoxoi6d.mongodb.net] INFO  org.mongodb.driver.cluster - Adding discovered server ac-c5ddyzt-shard-00-02.qoxoi6d.mongodb.net:27017 to client view of cluster
14:27:59.658[cluster-ClusterId{value='66598d93268c614d6ddeba56', description='null'}-srv-cluster0.qoxoi6d.mongodb.net] INFO  org.mongodb.driver.cluster - Adding discovered server ac-c5ddyzt-shard-00-01.qoxoi6d.mongodb.net:27017 to client view of cluster
14:27:59.662[cluster-ClusterId{value='66598d93268c614d6ddeba56', description='null'}-srv-cluster0.qoxoi6d.mongodb.net] INFO  org.mongodb.driver.cluster - Adding discovered server ac-c5ddyzt-shard-00-00.qoxoi6d.mongodb.net:27017 to client view of cluster
14:28:00.089[main] INFO  org.mongodb.driver.cluster - No server chosen by com.mongodb.client.internal.MongoClientDelegate$1@6b357eb6 from cluster description ClusterDescription{type=REPLICA_SET, connectionMode=MULTIPLE, serverDescriptions=[ServerDescription{address=ac-c5ddyzt-shard-00-01.qoxoi6d.mongodb.net:27017, type=UNKNOWN, state=CONNECTING}, ServerDescription{address=ac-c5ddyzt-shard-00-02.qoxoi6d.mongodb.net:27017, type=UNKNOWN, state=CONNECTING}, ServerDescription{address=ac-c5ddyzt-shard-00-00.qoxoi6d.mongodb.net:27017, type=UNKNOWN, state=CONNECTING}]}. Waiting for 30000 ms before timing out
14:28:00.625[cluster-ClusterId{value='66598d93268c614d6ddeba56', description='null'}-ac-c5ddyzt-shard-00-02.qoxoi6d.mongodb.net:27017] INFO  org.mongodb.driver.connection - Opened connection [connectionId{localValue:5, serverValue:67776}] to ac-c5ddyzt-shard-00-02.qoxoi6d.mongodb.net:27017
14:28:00.625[cluster-rtt-ClusterId{value='66598d93268c614d6ddeba56', description='null'}-ac-c5ddyzt-shard-00-00.qoxoi6d.mongodb.net:27017] INFO  org.mongodb.driver.connection - Opened connection [connectionId{localValue:3, serverValue:65751}] to ac-c5ddyzt-shard-00-00.qoxoi6d.mongodb.net:27017
14:28:00.625[cluster-ClusterId{value='66598d93268c614d6ddeba56', description='null'}-ac-c5ddyzt-shard-00-00.qoxoi6d.mongodb.net:27017] INFO  org.mongodb.driver.connection - Opened connection [connectionId{localValue:1, serverValue:65750}] to ac-c5ddyzt-shard-00-00.qoxoi6d.mongodb.net:27017
14:28:00.625[cluster-rtt-ClusterId{value='66598d93268c614d6ddeba56', description='null'}-ac-c5ddyzt-shard-00-02.qoxoi6d.mongodb.net:27017] INFO  org.mongodb.driver.connection - Opened connection [connectionId{localValue:4, serverValue:67776}] to ac-c5ddyzt-shard-00-02.qoxoi6d.mongodb.net:27017
14:28:00.625[cluster-ClusterId{value='66598d93268c614d6ddeba56', description='null'}-ac-c5ddyzt-shard-00-01.qoxoi6d.mongodb.net:27017] INFO  org.mongodb.driver.connection - Opened connection [connectionId{localValue:6, serverValue:62333}] to ac-c5ddyzt-shard-00-01.qoxoi6d.mongodb.net:27017
14:28:00.625[cluster-rtt-ClusterId{value='66598d93268c614d6ddeba56', description='null'}-ac-c5ddyzt-shard-00-01.qoxoi6d.mongodb.net:27017] INFO  org.mongodb.driver.connection - Opened connection [connectionId{localValue:2, serverValue:62333}] to ac-c5ddyzt-shard-00-01.qoxoi6d.mongodb.net:27017
14:28:00.626[cluster-ClusterId{value='66598d93268c614d6ddeba56', description='null'}-ac-c5ddyzt-shard-00-01.qoxoi6d.mongodb.net:27017] INFO  org.mongodb.driver.cluster - Monitor thread successfully connected to server with description ServerDescription{address=ac-c5ddyzt-shard-00-01.qoxoi6d.mongodb.net:27017, type=REPLICA_SET_SECONDARY, state=CONNECTED, ok=true, minWireVersion=0, maxWireVersion=21, maxDocumentSize=16777216, logicalSessionTimeoutMinutes=30, roundTripTimeNanos=460610600, setName='atlas-yhqbkg-shard-0', canonicalAddress=ac-c5ddyzt-shard-00-01.qoxoi6d.mongodb.net:27017, hosts=[ac-c5ddyzt-shard-00-00.qoxoi6d.mongodb.net:27017, ac-c5ddyzt-shard-00-01.qoxoi6d.mongodb.net:27017, ac-c5ddyzt-shard-00-02.qoxoi6d.mongodb.net:27017], passives=[], arbiters=[], primary='ac-c5ddyzt-shard-00-02.qoxoi6d.mongodb.net:27017', tagSet=TagSet{[Tag{name='availabilityZone', value='aps1-az3'}, Tag{name='diskState', value='READY'}, Tag{name='nodeType', value='ELECTABLE'}, Tag{name='provider', value='AWS'}, Tag{name='region', value='AP_SOUTH_1'}, Tag{name='workloadType', value='OPERATIONAL'}]}, electionId=null, setVersion=54, topologyVersion=TopologyVersion{processId=66591bbaf2ac3670f44158fe, counter=3}, lastWriteDate=Fri May 31 14:27:58 NPT 2024, lastUpdateTimeNanos=1211193803173700}
14:28:00.626[cluster-ClusterId{value='66598d93268c614d6ddeba56', description='null'}-ac-c5ddyzt-shard-00-02.qoxoi6d.mongodb.net:27017] INFO  org.mongodb.driver.cluster - Monitor thread successfully connected to server with description ServerDescription{address=ac-c5ddyzt-shard-00-02.qoxoi6d.mongodb.net:27017, type=REPLICA_SET_PRIMARY, state=CONNECTED, ok=true, minWireVersion=0, maxWireVersion=21, maxDocumentSize=16777216, logicalSessionTimeoutMinutes=30, roundTripTimeNanos=465177100, setName='atlas-yhqbkg-shard-0', canonicalAddress=ac-c5ddyzt-shard-00-02.qoxoi6d.mongodb.net:27017, hosts=[ac-c5ddyzt-shard-00-00.qoxoi6d.mongodb.net:27017, ac-c5ddyzt-shard-00-01.qoxoi6d.mongodb.net:27017, ac-c5ddyzt-shard-00-02.qoxoi6d.mongodb.net:27017], passives=[], arbiters=[], primary='ac-c5ddyzt-shard-00-02.qoxoi6d.mongodb.net:27017', tagSet=TagSet{[Tag{name='availabilityZone', value='aps1-az2'}, Tag{name='diskState', value='READY'}, Tag{name='nodeType', value='ELECTABLE'}, Tag{name='provider', value='AWS'}, Tag{name='region', value='AP_SOUTH_1'}, Tag{name='workloadType', value='OPERATIONAL'}]}, electionId=7fffffff000000000000014d, setVersion=54, topologyVersion=TopologyVersion{processId=66591971275be5b972d3dcd1, counter=6}, lastWriteDate=Fri May 31 14:27:58 NPT 2024, lastUpdateTimeNanos=1211193803173600}
14:28:00.626[cluster-ClusterId{value='66598d93268c614d6ddeba56', description='null'}-ac-c5ddyzt-shard-00-00.qoxoi6d.mongodb.net:27017] INFO  org.mongodb.driver.cluster - Monitor thread successfully connected to server with description ServerDescription{address=ac-c5ddyzt-shard-00-00.qoxoi6d.mongodb.net:27017, type=REPLICA_SET_SECONDARY, state=CONNECTED, ok=true, minWireVersion=0, maxWireVersion=21, maxDocumentSize=16777216, logicalSessionTimeoutMinutes=30, roundTripTimeNanos=465178200, setName='atlas-yhqbkg-shard-0', canonicalAddress=ac-c5ddyzt-shard-00-00.qoxoi6d.mongodb.net:27017, hosts=[ac-c5ddyzt-shard-00-00.qoxoi6d.mongodb.net:27017, ac-c5ddyzt-shard-00-01.qoxoi6d.mongodb.net:27017, ac-c5ddyzt-shard-00-02.qoxoi6d.mongodb.net:27017], passives=[], arbiters=[], primary='ac-c5ddyzt-shard-00-02.qoxoi6d.mongodb.net:27017', tagSet=TagSet{[Tag{name='availabilityZone', value='aps1-az1'}, Tag{name='diskState', value='READY'}, Tag{name='nodeType', value='ELECTABLE'}, Tag{name='provider', value='AWS'}, Tag{name='region', value='AP_SOUTH_1'}, Tag{name='workloadType', value='OPERATIONAL'}]}, electionId=null, setVersion=54, topologyVersion=TopologyVersion{processId=66591a866d1b492397713085, counter=4}, lastWriteDate=Fri May 31 14:27:58 NPT 2024, lastUpdateTimeNanos=1211193803173500}
14:28:00.631[cluster-ClusterId{value='66598d93268c614d6ddeba56', description='null'}-ac-c5ddyzt-shard-00-02.qoxoi6d.mongodb.net:27017] INFO  org.mongodb.driver.cluster - Setting max election id to 7fffffff000000000000014d from replica set primary ac-c5ddyzt-shard-00-02.qoxoi6d.mongodb.net:27017
14:28:00.632[cluster-ClusterId{value='66598d93268c614d6ddeba56', description='null'}-ac-c5ddyzt-shard-00-02.qoxoi6d.mongodb.net:27017] INFO  org.mongodb.driver.cluster - Setting max set version to 54 from replica set primary ac-c5ddyzt-shard-00-02.qoxoi6d.mongodb.net:27017
14:28:00.632[cluster-ClusterId{value='66598d93268c614d6ddeba56', description='null'}-ac-c5ddyzt-shard-00-02.qoxoi6d.mongodb.net:27017] INFO  org.mongodb.driver.cluster - Discovered replica set primary ac-c5ddyzt-shard-00-02.qoxoi6d.mongodb.net:27017
14:28:01.096[main] INFO  org.mongodb.driver.connection - Opened connection [connectionId{localValue:7, serverValue:67793}] to ac-c5ddyzt-shard-00-02.qoxoi6d.mongodb.net:27017
14:28:01.904[main] INFO  o.s.s.web.DefaultSecurityFilterChain - Will not secure any request
14:28:02.367[main] INFO  o.a.coyote.http11.Http11NioProtocol - Starting ProtocolHandler ["http-nio-8080"]
14:28:02.390[main] INFO  o.s.b.w.e.tomcat.TomcatWebServer - Tomcat started on port(s): 8080 (http) with context path '/journal'
14:28:02.403[main] INFO  c.j.JournalApp.JournalAppApplication - Started JournalAppApplication in 6.773 seconds (JVM running for 7.783)
14:28:27.396[main] INFO  c.j.JournalApp.JournalAppApplication - Starting JournalAppApplication using Java 21.0.1 on DESKTOP-UNPTC8D with PID 19852 (G:\JournalApp\target\classes started by Gaurab in G:\JournalApp)
14:28:27.402[main] INFO  c.j.JournalApp.JournalAppApplication - No active profile set, falling back to 1 default profile: "default"
14:28:28.912[main] INFO  o.s.d.r.c.RepositoryConfigurationDelegate - Bootstrapping Spring Data MongoDB repositories in DEFAULT mode.
14:28:29.052[main] INFO  o.s.d.r.c.RepositoryConfigurationDelegate - Finished Spring Data repository scanning in 128 ms. Found 2 MongoDB repository interfaces.
14:28:30.710[main] INFO  o.s.b.w.e.tomcat.TomcatWebServer - Tomcat initialized with port(s): 8080 (http)
14:28:30.731[main] INFO  o.a.coyote.http11.Http11NioProtocol - Initializing ProtocolHandler ["http-nio-8080"]
14:28:30.731[main] INFO  o.a.catalina.core.StandardService - Starting service [Tomcat]
14:28:30.732[main] INFO  o.a.catalina.core.StandardEngine - Starting Servlet engine: [Apache Tomcat/9.0.58]
14:28:30.921[main] INFO  o.a.c.c.C.[.[localhost].[/journal] - Initializing Spring embedded WebApplicationContext
14:28:30.922[main] INFO  o.s.b.w.s.c.ServletWebServerApplicationContext - Root WebApplicationContext: initialization completed in 3379 ms
14:28:31.581[main] INFO  org.mongodb.driver.cluster - Cluster created with settings {hosts=[127.0.0.1:27017], srvHost=cluster0.qoxoi6d.mongodb.net, mode=MULTIPLE, requiredClusterType=REPLICA_SET, serverSelectionTimeout='30000 ms', requiredReplicaSetName='atlas-yhqbkg-shard-0'}
14:28:31.629[cluster-ClusterId{value='66598db32166e7611b6fd879', description='null'}-srv-cluster0.qoxoi6d.mongodb.net] INFO  org.mongodb.driver.cluster - Adding discovered server ac-c5ddyzt-shard-00-01.qoxoi6d.mongodb.net:27017 to client view of cluster
14:28:31.707[cluster-ClusterId{value='66598db32166e7611b6fd879', description='null'}-srv-cluster0.qoxoi6d.mongodb.net] INFO  org.mongodb.driver.cluster - Adding discovered server ac-c5ddyzt-shard-00-02.qoxoi6d.mongodb.net:27017 to client view of cluster
14:28:31.710[cluster-ClusterId{value='66598db32166e7611b6fd879', description='null'}-srv-cluster0.qoxoi6d.mongodb.net] INFO  org.mongodb.driver.cluster - Adding discovered server ac-c5ddyzt-shard-00-00.qoxoi6d.mongodb.net:27017 to client view of cluster
14:28:32.474[main] INFO  org.mongodb.driver.cluster - No server chosen by com.mongodb.client.internal.MongoClientDelegate$1@4fecf308 from cluster description ClusterDescription{type=REPLICA_SET, connectionMode=MULTIPLE, serverDescriptions=[ServerDescription{address=ac-c5ddyzt-shard-00-01.qoxoi6d.mongodb.net:27017, type=UNKNOWN, state=CONNECTING}, ServerDescription{address=ac-c5ddyzt-shard-00-02.qoxoi6d.mongodb.net:27017, type=UNKNOWN, state=CONNECTING}, ServerDescription{address=ac-c5ddyzt-shard-00-00.qoxoi6d.mongodb.net:27017, type=UNKNOWN, state=CONNECTING}]}. Waiting for 30000 ms before timing out
14:28:32.764[main] INFO  c.j.JournalApp.JournalAppApplication - Starting JournalAppApplication using Java 21.0.1 on DESKTOP-UNPTC8D with PID 20276 (G:\JournalApp\target\classes started by Gaurab in G:\JournalApp)
14:28:32.771[main] INFO  c.j.JournalApp.JournalAppApplication - No active profile set, falling back to 1 default profile: "default"
14:28:33.023[cluster-rtt-ClusterId{value='66598db32166e7611b6fd879', description='null'}-ac-c5ddyzt-shard-00-00.qoxoi6d.mongodb.net:27017] INFO  org.mongodb.driver.connection - Opened connection [connectionId{localValue:1, serverValue:65807}] to ac-c5ddyzt-shard-00-00.qoxoi6d.mongodb.net:27017
14:28:33.023[cluster-ClusterId{value='66598db32166e7611b6fd879', description='null'}-ac-c5ddyzt-shard-00-02.qoxoi6d.mongodb.net:27017] INFO  org.mongodb.driver.connection - Opened connection [connectionId{localValue:4, serverValue:67748}] to ac-c5ddyzt-shard-00-02.qoxoi6d.mongodb.net:27017
14:28:33.023[cluster-ClusterId{value='66598db32166e7611b6fd879', description='null'}-ac-c5ddyzt-shard-00-00.qoxoi6d.mongodb.net:27017] INFO  org.mongodb.driver.connection - Opened connection [connectionId{localValue:3, serverValue:65807}] to ac-c5ddyzt-shard-00-00.qoxoi6d.mongodb.net:27017
14:28:33.023[cluster-rtt-ClusterId{value='66598db32166e7611b6fd879', description='null'}-ac-c5ddyzt-shard-00-01.qoxoi6d.mongodb.net:27017] INFO  org.mongodb.driver.connection - Opened connection [connectionId{localValue:5, serverValue:62385}] to ac-c5ddyzt-shard-00-01.qoxoi6d.mongodb.net:27017
14:28:33.023[cluster-ClusterId{value='66598db32166e7611b6fd879', description='null'}-ac-c5ddyzt-shard-00-01.qoxoi6d.mongodb.net:27017] INFO  org.mongodb.driver.connection - Opened connection [connectionId{localValue:6, serverValue:62385}] to ac-c5ddyzt-shard-00-01.qoxoi6d.mongodb.net:27017
14:28:33.023[cluster-rtt-ClusterId{value='66598db32166e7611b6fd879', description='null'}-ac-c5ddyzt-shard-00-02.qoxoi6d.mongodb.net:27017] INFO  org.mongodb.driver.connection - Opened connection [connectionId{localValue:2, serverValue:67748}] to ac-c5ddyzt-shard-00-02.qoxoi6d.mongodb.net:27017
14:28:33.032[cluster-ClusterId{value='66598db32166e7611b6fd879', description='null'}-ac-c5ddyzt-shard-00-02.qoxoi6d.mongodb.net:27017] INFO  org.mongodb.driver.cluster - Monitor thread successfully connected to server with description ServerDescription{address=ac-c5ddyzt-shard-00-02.qoxoi6d.mongodb.net:27017, type=REPLICA_SET_PRIMARY, state=CONNECTED, ok=true, minWireVersion=0, maxWireVersion=21, maxDocumentSize=16777216, logicalSessionTimeoutMinutes=30, roundTripTimeNanos=742668600, setName='atlas-yhqbkg-shard-0', canonicalAddress=ac-c5ddyzt-shard-00-02.qoxoi6d.mongodb.net:27017, hosts=[ac-c5ddyzt-shard-00-00.qoxoi6d.mongodb.net:27017, ac-c5ddyzt-shard-00-01.qoxoi6d.mongodb.net:27017, ac-c5ddyzt-shard-00-02.qoxoi6d.mongodb.net:27017], passives=[], arbiters=[], primary='ac-c5ddyzt-shard-00-02.qoxoi6d.mongodb.net:27017', tagSet=TagSet{[Tag{name='availabilityZone', value='aps1-az2'}, Tag{name='diskState', value='READY'}, Tag{name='nodeType', value='ELECTABLE'}, Tag{name='provider', value='AWS'}, Tag{name='region', value='AP_SOUTH_1'}, Tag{name='workloadType', value='OPERATIONAL'}]}, electionId=7fffffff000000000000014d, setVersion=54, topologyVersion=TopologyVersion{processId=66591971275be5b972d3dcd1, counter=6}, lastWriteDate=Fri May 31 14:28:31 NPT 2024, lastUpdateTimeNanos=1211226200937300}
14:28:33.032[cluster-ClusterId{value='66598db32166e7611b6fd879', description='null'}-ac-c5ddyzt-shard-00-01.qoxoi6d.mongodb.net:27017] INFO  org.mongodb.driver.cluster - Monitor thread successfully connected to server with description ServerDescription{address=ac-c5ddyzt-shard-00-01.qoxoi6d.mongodb.net:27017, type=REPLICA_SET_SECONDARY, state=CONNECTED, ok=true, minWireVersion=0, maxWireVersion=21, maxDocumentSize=16777216, logicalSessionTimeoutMinutes=30, roundTripTimeNanos=742601900, setName='atlas-yhqbkg-shard-0', canonicalAddress=ac-c5ddyzt-shard-00-01.qoxoi6d.mongodb.net:27017, hosts=[ac-c5ddyzt-shard-00-00.qoxoi6d.mongodb.net:27017, ac-c5ddyzt-shard-00-01.qoxoi6d.mongodb.net:27017, ac-c5ddyzt-shard-00-02.qoxoi6d.mongodb.net:27017], passives=[], arbiters=[], primary='ac-c5ddyzt-shard-00-02.qoxoi6d.mongodb.net:27017', tagSet=TagSet{[Tag{name='availabilityZone', value='aps1-az3'}, Tag{name='diskState', value='READY'}, Tag{name='nodeType', value='ELECTABLE'}, Tag{name='provider', value='AWS'}, Tag{name='region', value='AP_SOUTH_1'}, Tag{name='workloadType', value='OPERATIONAL'}]}, electionId=null, setVersion=54, topologyVersion=TopologyVersion{processId=66591bbaf2ac3670f44158fe, counter=3}, lastWriteDate=Fri May 31 14:28:31 NPT 2024, lastUpdateTimeNanos=1211226200937300}
14:28:33.033[cluster-ClusterId{value='66598db32166e7611b6fd879', description='null'}-ac-c5ddyzt-shard-00-00.qoxoi6d.mongodb.net:27017] INFO  org.mongodb.driver.cluster - Monitor thread successfully connected to server with description ServerDescription{address=ac-c5ddyzt-shard-00-00.qoxoi6d.mongodb.net:27017, type=REPLICA_SET_SECONDARY, state=CONNECTED, ok=true, minWireVersion=0, maxWireVersion=21, maxDocumentSize=16777216, logicalSessionTimeoutMinutes=30, roundTripTimeNanos=742669300, setName='atlas-yhqbkg-shard-0', canonicalAddress=ac-c5ddyzt-shard-00-00.qoxoi6d.mongodb.net:27017, hosts=[ac-c5ddyzt-shard-00-00.qoxoi6d.mongodb.net:27017, ac-c5ddyzt-shard-00-01.qoxoi6d.mongodb.net:27017, ac-c5ddyzt-shard-00-02.qoxoi6d.mongodb.net:27017], passives=[], arbiters=[], primary='ac-c5ddyzt-shard-00-02.qoxoi6d.mongodb.net:27017', tagSet=TagSet{[Tag{name='availabilityZone', value='aps1-az1'}, Tag{name='diskState', value='READY'}, Tag{name='nodeType', value='ELECTABLE'}, Tag{name='provider', value='AWS'}, Tag{name='region', value='AP_SOUTH_1'}, Tag{name='workloadType', value='OPERATIONAL'}]}, electionId=null, setVersion=54, topologyVersion=TopologyVersion{processId=66591a866d1b492397713085, counter=4}, lastWriteDate=Fri May 31 14:28:31 NPT 2024, lastUpdateTimeNanos=1211226200937400}
14:28:33.039[cluster-ClusterId{value='66598db32166e7611b6fd879', description='null'}-ac-c5ddyzt-shard-00-02.qoxoi6d.mongodb.net:27017] INFO  org.mongodb.driver.cluster - Setting max election id to 7fffffff000000000000014d from replica set primary ac-c5ddyzt-shard-00-02.qoxoi6d.mongodb.net:27017
14:28:33.040[cluster-ClusterId{value='66598db32166e7611b6fd879', description='null'}-ac-c5ddyzt-shard-00-02.qoxoi6d.mongodb.net:27017] INFO  org.mongodb.driver.cluster - Setting max set version to 54 from replica set primary ac-c5ddyzt-shard-00-02.qoxoi6d.mongodb.net:27017
14:28:33.041[cluster-ClusterId{value='66598db32166e7611b6fd879', description='null'}-ac-c5ddyzt-shard-00-02.qoxoi6d.mongodb.net:27017] INFO  org.mongodb.driver.cluster - Discovered replica set primary ac-c5ddyzt-shard-00-02.qoxoi6d.mongodb.net:27017
14:28:33.691[main] INFO  org.mongodb.driver.connection - Opened connection [connectionId{localValue:7, serverValue:67857}] to ac-c5ddyzt-shard-00-02.qoxoi6d.mongodb.net:27017
14:28:34.575[main] INFO  o.s.d.r.c.RepositoryConfigurationDelegate - Bootstrapping Spring Data MongoDB repositories in DEFAULT mode.
14:28:34.829[main] INFO  o.s.d.r.c.RepositoryConfigurationDelegate - Finished Spring Data repository scanning in 228 ms. Found 2 MongoDB repository interfaces.
14:28:35.198[main] INFO  o.s.s.web.DefaultSecurityFilterChain - Will not secure any request
14:28:36.175[main] INFO  o.a.coyote.http11.Http11NioProtocol - Starting ProtocolHandler ["http-nio-8080"]
14:28:36.206[main] INFO  o.s.b.w.e.tomcat.TomcatWebServer - Tomcat started on port(s): 8080 (http) with context path '/journal'
14:28:36.233[main] INFO  c.j.JournalApp.JournalAppApplication - Started JournalAppApplication in 9.776 seconds (JVM running for 11.877)
14:28:36.499[main] INFO  o.s.b.w.e.tomcat.TomcatWebServer - Tomcat initialized with port(s): 8080 (http)
14:28:36.517[main] INFO  o.a.coyote.http11.Http11NioProtocol - Initializing ProtocolHandler ["http-nio-8080"]
14:28:36.519[main] INFO  o.a.catalina.core.StandardService - Starting service [Tomcat]
14:28:36.519[main] INFO  o.a.catalina.core.StandardEngine - Starting Servlet engine: [Apache Tomcat/9.0.58]
14:28:36.637[main] INFO  o.a.c.c.C.[.[localhost].[/journal] - Initializing Spring embedded WebApplicationContext
14:28:36.638[main] INFO  o.s.b.w.s.c.ServletWebServerApplicationContext - Root WebApplicationContext: initialization completed in 3653 ms
14:28:36.992[main] INFO  org.mongodb.driver.cluster - Cluster created with settings {hosts=[127.0.0.1:27017], srvHost=cluster0.qoxoi6d.mongodb.net, mode=MULTIPLE, requiredClusterType=REPLICA_SET, serverSelectionTimeout='30000 ms', requiredReplicaSetName='atlas-yhqbkg-shard-0'}
14:28:37.016[cluster-ClusterId{value='66598db809a9724584cf2fce', description='null'}-srv-cluster0.qoxoi6d.mongodb.net] INFO  org.mongodb.driver.cluster - Adding discovered server ac-c5ddyzt-shard-00-01.qoxoi6d.mongodb.net:27017 to client view of cluster
14:28:37.091[cluster-ClusterId{value='66598db809a9724584cf2fce', description='null'}-srv-cluster0.qoxoi6d.mongodb.net] INFO  org.mongodb.driver.cluster - Adding discovered server ac-c5ddyzt-shard-00-02.qoxoi6d.mongodb.net:27017 to client view of cluster
14:28:37.093[cluster-ClusterId{value='66598db809a9724584cf2fce', description='null'}-srv-cluster0.qoxoi6d.mongodb.net] INFO  org.mongodb.driver.cluster - Adding discovered server ac-c5ddyzt-shard-00-00.qoxoi6d.mongodb.net:27017 to client view of cluster
14:28:37.566[main] INFO  org.mongodb.driver.cluster - No server chosen by com.mongodb.client.internal.MongoClientDelegate$1@7f13811b from cluster description ClusterDescription{type=REPLICA_SET, connectionMode=MULTIPLE, serverDescriptions=[ServerDescription{address=ac-c5ddyzt-shard-00-01.qoxoi6d.mongodb.net:27017, type=UNKNOWN, state=CONNECTING}, ServerDescription{address=ac-c5ddyzt-shard-00-02.qoxoi6d.mongodb.net:27017, type=UNKNOWN, state=CONNECTING}, ServerDescription{address=ac-c5ddyzt-shard-00-00.qoxoi6d.mongodb.net:27017, type=UNKNOWN, state=CONNECTING}]}. Waiting for 30000 ms before timing out
14:28:38.008[cluster-rtt-ClusterId{value='66598db809a9724584cf2fce', description='null'}-ac-c5ddyzt-shard-00-01.qoxoi6d.mongodb.net:27017] INFO  org.mongodb.driver.connection - Opened connection [connectionId{localValue:5, serverValue:62401}] to ac-c5ddyzt-shard-00-01.qoxoi6d.mongodb.net:27017
14:28:38.008[cluster-rtt-ClusterId{value='66598db809a9724584cf2fce', description='null'}-ac-c5ddyzt-shard-00-02.qoxoi6d.mongodb.net:27017] INFO  org.mongodb.driver.connection - Opened connection [connectionId{localValue:1, serverValue:67770}] to ac-c5ddyzt-shard-00-02.qoxoi6d.mongodb.net:27017
14:28:38.008[cluster-rtt-ClusterId{value='66598db809a9724584cf2fce', description='null'}-ac-c5ddyzt-shard-00-00.qoxoi6d.mongodb.net:27017] INFO  org.mongodb.driver.connection - Opened connection [connectionId{localValue:2, serverValue:65820}] to ac-c5ddyzt-shard-00-00.qoxoi6d.mongodb.net:27017
14:28:38.008[cluster-ClusterId{value='66598db809a9724584cf2fce', description='null'}-ac-c5ddyzt-shard-00-02.qoxoi6d.mongodb.net:27017] INFO  org.mongodb.driver.connection - Opened connection [connectionId{localValue:6, serverValue:67858}] to ac-c5ddyzt-shard-00-02.qoxoi6d.mongodb.net:27017
14:28:38.008[cluster-ClusterId{value='66598db809a9724584cf2fce', description='null'}-ac-c5ddyzt-shard-00-01.qoxoi6d.mongodb.net:27017] INFO  org.mongodb.driver.connection - Opened connection [connectionId{localValue:3, serverValue:62401}] to ac-c5ddyzt-shard-00-01.qoxoi6d.mongodb.net:27017
14:28:38.008[cluster-ClusterId{value='66598db809a9724584cf2fce', description='null'}-ac-c5ddyzt-shard-00-00.qoxoi6d.mongodb.net:27017] INFO  org.mongodb.driver.connection - Opened connection [connectionId{localValue:4, serverValue:65818}] to ac-c5ddyzt-shard-00-00.qoxoi6d.mongodb.net:27017
14:28:38.010[cluster-ClusterId{value='66598db809a9724584cf2fce', description='null'}-ac-c5ddyzt-shard-00-00.qoxoi6d.mongodb.net:27017] INFO  org.mongodb.driver.cluster - Monitor thread successfully connected to server with description ServerDescription{address=ac-c5ddyzt-shard-00-00.qoxoi6d.mongodb.net:27017, type=REPLICA_SET_SECONDARY, state=CONNECTED, ok=true, minWireVersion=0, maxWireVersion=21, maxDocumentSize=16777216, logicalSessionTimeoutMinutes=30, roundTripTimeNanos=545370800, setName='atlas-yhqbkg-shard-0', canonicalAddress=ac-c5ddyzt-shard-00-00.qoxoi6d.mongodb.net:27017, hosts=[ac-c5ddyzt-shard-00-00.qoxoi6d.mongodb.net:27017, ac-c5ddyzt-shard-00-01.qoxoi6d.mongodb.net:27017, ac-c5ddyzt-shard-00-02.qoxoi6d.mongodb.net:27017], passives=[], arbiters=[], primary='ac-c5ddyzt-shard-00-02.qoxoi6d.mongodb.net:27017', tagSet=TagSet{[Tag{name='availabilityZone', value='aps1-az1'}, Tag{name='diskState', value='READY'}, Tag{name='nodeType', value='ELECTABLE'}, Tag{name='provider', value='AWS'}, Tag{name='region', value='AP_SOUTH_1'}, Tag{name='workloadType', value='OPERATIONAL'}]}, electionId=null, setVersion=54, topologyVersion=TopologyVersion{processId=66591a866d1b492397713085, counter=4}, lastWriteDate=Fri May 31 14:28:35 NPT 2024, lastUpdateTimeNanos=1211231182714200}
14:28:38.010[cluster-ClusterId{value='66598db809a9724584cf2fce', description='null'}-ac-c5ddyzt-shard-00-02.qoxoi6d.mongodb.net:27017] INFO  org.mongodb.driver.cluster - Monitor thread successfully connected to server with description ServerDescription{address=ac-c5ddyzt-shard-00-02.qoxoi6d.mongodb.net:27017, type=REPLICA_SET_PRIMARY, state=CONNECTED, ok=true, minWireVersion=0, maxWireVersion=21, maxDocumentSize=16777216, logicalSessionTimeoutMinutes=30, roundTripTimeNanos=545328900, setName='atlas-yhqbkg-shard-0', canonicalAddress=ac-c5ddyzt-shard-00-02.qoxoi6d.mongodb.net:27017, hosts=[ac-c5ddyzt-shard-00-00.qoxoi6d.mongodb.net:27017, ac-c5ddyzt-shard-00-01.qoxoi6d.mongodb.net:27017, ac-c5ddyzt-shard-00-02.qoxoi6d.mongodb.net:27017], passives=[], arbiters=[], primary='ac-c5ddyzt-shard-00-02.qoxoi6d.mongodb.net:27017', tagSet=TagSet{[Tag{name='availabilityZone', value='aps1-az2'}, Tag{name='diskState', value='READY'}, Tag{name='nodeType', value='ELECTABLE'}, Tag{name='provider', value='AWS'}, Tag{name='region', value='AP_SOUTH_1'}, Tag{name='workloadType', value='OPERATIONAL'}]}, electionId=7fffffff000000000000014d, setVersion=54, topologyVersion=TopologyVersion{processId=66591971275be5b972d3dcd1, counter=6}, lastWriteDate=Fri May 31 14:28:35 NPT 2024, lastUpdateTimeNanos=1211231182716300}
14:28:38.010[cluster-ClusterId{value='66598db809a9724584cf2fce', description='null'}-ac-c5ddyzt-shard-00-01.qoxoi6d.mongodb.net:27017] INFO  org.mongodb.driver.cluster - Monitor thread successfully connected to server with description ServerDescription{address=ac-c5ddyzt-shard-00-01.qoxoi6d.mongodb.net:27017, type=REPLICA_SET_SECONDARY, state=CONNECTED, ok=true, minWireVersion=0, maxWireVersion=21, maxDocumentSize=16777216, logicalSessionTimeoutMinutes=30, roundTripTimeNanos=545942000, setName='atlas-yhqbkg-shard-0', canonicalAddress=ac-c5ddyzt-shard-00-01.qoxoi6d.mongodb.net:27017, hosts=[ac-c5ddyzt-shard-00-00.qoxoi6d.mongodb.net:27017, ac-c5ddyzt-shard-00-01.qoxoi6d.mongodb.net:27017, ac-c5ddyzt-shard-00-02.qoxoi6d.mongodb.net:27017], passives=[], arbiters=[], primary='ac-c5ddyzt-shard-00-02.qoxoi6d.mongodb.net:27017', tagSet=TagSet{[Tag{name='availabilityZone', value='aps1-az3'}, Tag{name='diskState', value='READY'}, Tag{name='nodeType', value='ELECTABLE'}, Tag{name='provider', value='AWS'}, Tag{name='region', value='AP_SOUTH_1'}, Tag{name='workloadType', value='OPERATIONAL'}]}, electionId=null, setVersion=54, topologyVersion=TopologyVersion{processId=66591bbaf2ac3670f44158fe, counter=3}, lastWriteDate=Fri May 31 14:28:35 NPT 2024, lastUpdateTimeNanos=1211231183329900}
14:28:38.021[cluster-ClusterId{value='66598db809a9724584cf2fce', description='null'}-ac-c5ddyzt-shard-00-02.qoxoi6d.mongodb.net:27017] INFO  org.mongodb.driver.cluster - Setting max election id to 7fffffff000000000000014d from replica set primary ac-c5ddyzt-shard-00-02.qoxoi6d.mongodb.net:27017
14:28:38.023[cluster-ClusterId{value='66598db809a9724584cf2fce', description='null'}-ac-c5ddyzt-shard-00-02.qoxoi6d.mongodb.net:27017] INFO  org.mongodb.driver.cluster - Setting max set version to 54 from replica set primary ac-c5ddyzt-shard-00-02.qoxoi6d.mongodb.net:27017
14:28:38.023[cluster-ClusterId{value='66598db809a9724584cf2fce', description='null'}-ac-c5ddyzt-shard-00-02.qoxoi6d.mongodb.net:27017] INFO  org.mongodb.driver.cluster - Discovered replica set primary ac-c5ddyzt-shard-00-02.qoxoi6d.mongodb.net:27017
14:28:38.534[main] INFO  org.mongodb.driver.connection - Opened connection [connectionId{localValue:7, serverValue:67748}] to ac-c5ddyzt-shard-00-02.qoxoi6d.mongodb.net:27017
14:28:39.355[main] INFO  o.s.s.web.DefaultSecurityFilterChain - Will not secure any request
14:28:39.990[main] INFO  o.a.coyote.http11.Http11NioProtocol - Starting ProtocolHandler ["http-nio-8080"]
14:28:39.994[main] WARN  o.s.b.w.s.c.AnnotationConfigServletWebServerApplicationContext - Exception encountered during context initialization - cancelling refresh attempt: org.springframework.context.ApplicationContextException: Failed to start bean 'webServerStartStop'; nested exception is org.springframework.boot.web.server.PortInUseException: Port 8080 is already in use
14:28:40.190[main] INFO  o.a.coyote.http11.Http11NioProtocol - Pausing ProtocolHandler ["http-nio-8080"]
14:28:40.191[main] INFO  o.a.catalina.core.StandardService - Stopping service [Tomcat]
14:28:40.212[main] INFO  o.a.coyote.http11.Http11NioProtocol - Stopping ProtocolHandler ["http-nio-8080"]
14:28:40.215[main] INFO  o.a.coyote.http11.Http11NioProtocol - Destroying ProtocolHandler ["http-nio-8080"]
14:28:40.250[main] INFO  o.s.b.a.l.ConditionEvaluationReportLoggingListener - 

Error starting ApplicationContext. To display the conditions report re-run your application with 'debug' enabled.
14:28:40.328[main] ERROR o.s.b.d.LoggingFailureAnalysisReporter - 

***************************
APPLICATION FAILED TO START
***************************

Description:

Web server failed to start. Port 8080 was already in use.

Action:

Identify and stop the process that's listening on port 8080 or configure this application to listen on another port.

14:35:40.375[main] INFO  c.j.JournalApp.JournalAppApplication - Starting JournalAppApplication using Java 21.0.1 on DESKTOP-UNPTC8D with PID 3628 (G:\JournalApp\target\classes started by Gaurab in G:\JournalApp)
14:35:40.380[main] INFO  c.j.JournalApp.JournalAppApplication - No active profile set, falling back to 1 default profile: "default"
14:35:41.607[main] INFO  o.s.d.r.c.RepositoryConfigurationDelegate - Bootstrapping Spring Data MongoDB repositories in DEFAULT mode.
14:35:41.690[main] INFO  o.s.d.r.c.RepositoryConfigurationDelegate - Finished Spring Data repository scanning in 75 ms. Found 2 MongoDB repository interfaces.
14:35:42.705[main] INFO  o.s.b.w.e.tomcat.TomcatWebServer - Tomcat initialized with port(s): 8080 (http)
14:35:42.731[main] INFO  o.a.coyote.http11.Http11NioProtocol - Initializing ProtocolHandler ["http-nio-8080"]
14:35:42.732[main] INFO  o.a.catalina.core.StandardService - Starting service [Tomcat]
14:35:42.733[main] INFO  o.a.catalina.core.StandardEngine - Starting Servlet engine: [Apache Tomcat/9.0.58]
14:35:43.002[main] INFO  o.a.c.c.C.[.[localhost].[/journal] - Initializing Spring embedded WebApplicationContext
14:35:43.003[main] INFO  o.s.b.w.s.c.ServletWebServerApplicationContext - Root WebApplicationContext: initialization completed in 2505 ms
14:35:43.447[main] INFO  org.mongodb.driver.cluster - Cluster created with settings {hosts=[127.0.0.1:27017], srvHost=cluster0.qoxoi6d.mongodb.net, mode=MULTIPLE, requiredClusterType=REPLICA_SET, serverSelectionTimeout='30000 ms', requiredReplicaSetName='atlas-yhqbkg-shard-0'}
14:35:43.587[cluster-ClusterId{value='66598f635dec4e48c97fbdf1', description='null'}-srv-cluster0.qoxoi6d.mongodb.net] INFO  org.mongodb.driver.cluster - Adding discovered server ac-c5ddyzt-shard-00-02.qoxoi6d.mongodb.net:27017 to client view of cluster
14:35:43.642[cluster-ClusterId{value='66598f635dec4e48c97fbdf1', description='null'}-srv-cluster0.qoxoi6d.mongodb.net] INFO  org.mongodb.driver.cluster - Adding discovered server ac-c5ddyzt-shard-00-01.qoxoi6d.mongodb.net:27017 to client view of cluster
14:35:43.643[cluster-ClusterId{value='66598f635dec4e48c97fbdf1', description='null'}-srv-cluster0.qoxoi6d.mongodb.net] INFO  org.mongodb.driver.cluster - Adding discovered server ac-c5ddyzt-shard-00-00.qoxoi6d.mongodb.net:27017 to client view of cluster
14:35:44.002[main] INFO  org.mongodb.driver.cluster - No server chosen by com.mongodb.client.internal.MongoClientDelegate$1@7e87ef9e from cluster description ClusterDescription{type=REPLICA_SET, connectionMode=MULTIPLE, serverDescriptions=[ServerDescription{address=ac-c5ddyzt-shard-00-01.qoxoi6d.mongodb.net:27017, type=UNKNOWN, state=CONNECTING}, ServerDescription{address=ac-c5ddyzt-shard-00-02.qoxoi6d.mongodb.net:27017, type=UNKNOWN, state=CONNECTING}, ServerDescription{address=ac-c5ddyzt-shard-00-00.qoxoi6d.mongodb.net:27017, type=UNKNOWN, state=CONNECTING}]}. Waiting for 30000 ms before timing out
14:35:44.635[cluster-ClusterId{value='66598f635dec4e48c97fbdf1', description='null'}-ac-c5ddyzt-shard-00-01.qoxoi6d.mongodb.net:27017] INFO  org.mongodb.driver.connection - Opened connection [connectionId{localValue:5, serverValue:63210}] to ac-c5ddyzt-shard-00-01.qoxoi6d.mongodb.net:27017
14:35:44.635[cluster-rtt-ClusterId{value='66598f635dec4e48c97fbdf1', description='null'}-ac-c5ddyzt-shard-00-01.qoxoi6d.mongodb.net:27017] INFO  org.mongodb.driver.connection - Opened connection [connectionId{localValue:4, serverValue:63210}] to ac-c5ddyzt-shard-00-01.qoxoi6d.mongodb.net:27017
14:35:44.635[cluster-rtt-ClusterId{value='66598f635dec4e48c97fbdf1', description='null'}-ac-c5ddyzt-shard-00-02.qoxoi6d.mongodb.net:27017] INFO  org.mongodb.driver.connection - Opened connection [connectionId{localValue:2, serverValue:68638}] to ac-c5ddyzt-shard-00-02.qoxoi6d.mongodb.net:27017
14:35:44.635[cluster-ClusterId{value='66598f635dec4e48c97fbdf1', description='null'}-ac-c5ddyzt-shard-00-00.qoxoi6d.mongodb.net:27017] INFO  org.mongodb.driver.connection - Opened connection [connectionId{localValue:3, serverValue:66628}] to ac-c5ddyzt-shard-00-00.qoxoi6d.mongodb.net:27017
14:35:44.635[cluster-ClusterId{value='66598f635dec4e48c97fbdf1', description='null'}-ac-c5ddyzt-shard-00-02.qoxoi6d.mongodb.net:27017] INFO  org.mongodb.driver.connection - Opened connection [connectionId{localValue:1, serverValue:68661}] to ac-c5ddyzt-shard-00-02.qoxoi6d.mongodb.net:27017
14:35:44.635[cluster-rtt-ClusterId{value='66598f635dec4e48c97fbdf1', description='null'}-ac-c5ddyzt-shard-00-00.qoxoi6d.mongodb.net:27017] INFO  org.mongodb.driver.connection - Opened connection [connectionId{localValue:6, serverValue:66628}] to ac-c5ddyzt-shard-00-00.qoxoi6d.mongodb.net:27017
14:35:44.635[cluster-ClusterId{value='66598f635dec4e48c97fbdf1', description='null'}-ac-c5ddyzt-shard-00-01.qoxoi6d.mongodb.net:27017] INFO  org.mongodb.driver.cluster - Monitor thread successfully connected to server with description ServerDescription{address=ac-c5ddyzt-shard-00-01.qoxoi6d.mongodb.net:27017, type=REPLICA_SET_SECONDARY, state=CONNECTED, ok=true, minWireVersion=0, maxWireVersion=21, maxDocumentSize=16777216, logicalSessionTimeoutMinutes=30, roundTripTimeNanos=546454500, setName='atlas-yhqbkg-shard-0', canonicalAddress=ac-c5ddyzt-shard-00-01.qoxoi6d.mongodb.net:27017, hosts=[ac-c5ddyzt-shard-00-00.qoxoi6d.mongodb.net:27017, ac-c5ddyzt-shard-00-01.qoxoi6d.mongodb.net:27017, ac-c5ddyzt-shard-00-02.qoxoi6d.mongodb.net:27017], passives=[], arbiters=[], primary='ac-c5ddyzt-shard-00-02.qoxoi6d.mongodb.net:27017', tagSet=TagSet{[Tag{name='availabilityZone', value='aps1-az3'}, Tag{name='diskState', value='READY'}, Tag{name='nodeType', value='ELECTABLE'}, Tag{name='provider', value='AWS'}, Tag{name='region', value='AP_SOUTH_1'}, Tag{name='workloadType', value='OPERATIONAL'}]}, electionId=null, setVersion=54, topologyVersion=TopologyVersion{processId=66591bbaf2ac3670f44158fe, counter=3}, lastWriteDate=Fri May 31 14:35:42 NPT 2024, lastUpdateTimeNanos=1211657812770000}
14:35:44.635[cluster-ClusterId{value='66598f635dec4e48c97fbdf1', description='null'}-ac-c5ddyzt-shard-00-00.qoxoi6d.mongodb.net:27017] INFO  org.mongodb.driver.cluster - Monitor thread successfully connected to server with description ServerDescription{address=ac-c5ddyzt-shard-00-00.qoxoi6d.mongodb.net:27017, type=REPLICA_SET_SECONDARY, state=CONNECTED, ok=true, minWireVersion=0, maxWireVersion=21, maxDocumentSize=16777216, logicalSessionTimeoutMinutes=30, roundTripTimeNanos=546453900, setName='atlas-yhqbkg-shard-0', canonicalAddress=ac-c5ddyzt-shard-00-00.qoxoi6d.mongodb.net:27017, hosts=[ac-c5ddyzt-shard-00-00.qoxoi6d.mongodb.net:27017, ac-c5ddyzt-shard-00-01.qoxoi6d.mongodb.net:27017, ac-c5ddyzt-shard-00-02.qoxoi6d.mongodb.net:27017], passives=[], arbiters=[], primary='ac-c5ddyzt-shard-00-02.qoxoi6d.mongodb.net:27017', tagSet=TagSet{[Tag{name='availabilityZone', value='aps1-az1'}, Tag{name='diskState', value='READY'}, Tag{name='nodeType', value='ELECTABLE'}, Tag{name='provider', value='AWS'}, Tag{name='region', value='AP_SOUTH_1'}, Tag{name='workloadType', value='OPERATIONAL'}]}, electionId=null, setVersion=54, topologyVersion=TopologyVersion{processId=66591a866d1b492397713085, counter=4}, lastWriteDate=Fri May 31 14:35:42 NPT 2024, lastUpdateTimeNanos=1211657812770000}
14:35:44.635[cluster-ClusterId{value='66598f635dec4e48c97fbdf1', description='null'}-ac-c5ddyzt-shard-00-02.qoxoi6d.mongodb.net:27017] INFO  org.mongodb.driver.cluster - Monitor thread successfully connected to server with description ServerDescription{address=ac-c5ddyzt-shard-00-02.qoxoi6d.mongodb.net:27017, type=REPLICA_SET_PRIMARY, state=CONNECTED, ok=true, minWireVersion=0, maxWireVersion=21, maxDocumentSize=16777216, logicalSessionTimeoutMinutes=30, roundTripTimeNanos=546456900, setName='atlas-yhqbkg-shard-0', canonicalAddress=ac-c5ddyzt-shard-00-02.qoxoi6d.mongodb.net:27017, hosts=[ac-c5ddyzt-shard-00-00.qoxoi6d.mongodb.net:27017, ac-c5ddyzt-shard-00-01.qoxoi6d.mongodb.net:27017, ac-c5ddyzt-shard-00-02.qoxoi6d.mongodb.net:27017], passives=[], arbiters=[], primary='ac-c5ddyzt-shard-00-02.qoxoi6d.mongodb.net:27017', tagSet=TagSet{[Tag{name='availabilityZone', value='aps1-az2'}, Tag{name='diskState', value='READY'}, Tag{name='nodeType', value='ELECTABLE'}, Tag{name='provider', value='AWS'}, Tag{name='region', value='AP_SOUTH_1'}, Tag{name='workloadType', value='OPERATIONAL'}]}, electionId=7fffffff000000000000014d, setVersion=54, topologyVersion=TopologyVersion{processId=66591971275be5b972d3dcd1, counter=6}, lastWriteDate=Fri May 31 14:35:42 NPT 2024, lastUpdateTimeNanos=1211657812769800}
14:35:44.641[cluster-ClusterId{value='66598f635dec4e48c97fbdf1', description='null'}-ac-c5ddyzt-shard-00-02.qoxoi6d.mongodb.net:27017] INFO  org.mongodb.driver.cluster - Setting max election id to 7fffffff000000000000014d from replica set primary ac-c5ddyzt-shard-00-02.qoxoi6d.mongodb.net:27017
14:35:44.641[cluster-ClusterId{value='66598f635dec4e48c97fbdf1', description='null'}-ac-c5ddyzt-shard-00-02.qoxoi6d.mongodb.net:27017] INFO  org.mongodb.driver.cluster - Setting max set version to 54 from replica set primary ac-c5ddyzt-shard-00-02.qoxoi6d.mongodb.net:27017
14:35:44.641[cluster-ClusterId{value='66598f635dec4e48c97fbdf1', description='null'}-ac-c5ddyzt-shard-00-02.qoxoi6d.mongodb.net:27017] INFO  org.mongodb.driver.cluster - Discovered replica set primary ac-c5ddyzt-shard-00-02.qoxoi6d.mongodb.net:27017
14:35:45.157[main] INFO  org.mongodb.driver.connection - Opened connection [connectionId{localValue:7, serverValue:68580}] to ac-c5ddyzt-shard-00-02.qoxoi6d.mongodb.net:27017
14:35:45.975[main] INFO  o.s.s.web.DefaultSecurityFilterChain - Will not secure any request
14:35:46.437[main] INFO  o.a.coyote.http11.Http11NioProtocol - Starting ProtocolHandler ["http-nio-8080"]
14:35:46.464[main] INFO  o.s.b.w.e.tomcat.TomcatWebServer - Tomcat started on port(s): 8080 (http) with context path '/journal'
14:35:46.483[main] INFO  c.j.JournalApp.JournalAppApplication - Started JournalAppApplication in 6.983 seconds (JVM running for 7.891)
